<?xml version="1.0" encoding="UTF-8"?>
<testsuite name="SqueakyCleanTest" tests="10" skipped="9" failures="0" errors="0" timestamp="2021-12-04T14:34:11" hostname="DESKTOP-29RTF6M" time="0.045">
  <properties/>
  <testcase name="omit_lower_case_greek_letters" classname="SqueakyCleanTest" time="0.0">
    <skipped/>
  </testcase>
  <testcase name="spaces" classname="SqueakyCleanTest" time="0.0">
    <skipped/>
  </testcase>
  <testcase name="string" classname="SqueakyCleanTest" time="0.0">
    <skipped/>
  </testcase>
  <testcase name="string_with_no_letters" classname="SqueakyCleanTest" time="0.0">
    <skipped/>
  </testcase>
  <testcase name="ctrl" classname="SqueakyCleanTest" time="0.0">
    <skipped/>
  </testcase>
  <testcase name="empty" classname="SqueakyCleanTest" time="0.043"/>
  <testcase name="leading_and_trailing_spaces" classname="SqueakyCleanTest" time="0.0">
    <skipped/>
  </testcase>
  <testcase name="combine_conversions" classname="SqueakyCleanTest" time="0.0">
    <skipped/>
  </testcase>
  <testcase name="kebab_to_camel_case" classname="SqueakyCleanTest" time="0.0">
    <skipped/>
  </testcase>
  <testcase name="single_letter" classname="SqueakyCleanTest" time="0.0">
    <skipped/>
  </testcase>
  <system-out><![CDATA[1
1
1
1
1
1
1
1
1
1
1
1
1
1
1
1
1
1
1
1
1
1
1
1
1
]]></system-out>
  <system-err><![CDATA[]]></system-err>
</testsuite>
