<?xml version="1.0" encoding="UTF-8"?>
<testsuite name="LanguageListTest" tests="11" skipped="10" failures="0" errors="0" timestamp="2021-12-04T08:16:43" hostname="DESKTOP-29RTF6M" time="0.039">
  <properties/>
  <testcase name="addMultipleLanguages" classname="LanguageListTest" time="0.0">
    <skipped/>
  </testcase>
  <testcase name="countEmpty" classname="LanguageListTest" time="0.0">
    <skipped/>
  </testcase>
  <testcase name="countThree" classname="LanguageListTest" time="0.0">
    <skipped/>
  </testcase>
  <testcase name="excitingLanguageListWithKotlin" classname="LanguageListTest" time="0.0">
    <skipped/>
  </testcase>
  <testcase name="addOneLanguage" classname="LanguageListTest" time="0.0">
    <skipped/>
  </testcase>
  <testcase name="empty" classname="LanguageListTest" time="0.037"/>
  <testcase name="firstLanguage" classname="LanguageListTest" time="0.0">
    <skipped/>
  </testcase>
  <testcase name="boringLanguageList" classname="LanguageListTest" time="0.0">
    <skipped/>
  </testcase>
  <testcase name="excitingLanguageListWithJava" classname="LanguageListTest" time="0.0">
    <skipped/>
  </testcase>
  <testcase name="removeLanguage" classname="LanguageListTest" time="0.001">
    <skipped/>
  </testcase>
  <testcase name="nonEmpty" classname="LanguageListTest" time="0.0">
    <skipped/>
  </testcase>
  <system-out><![CDATA[]]></system-out>
  <system-err><![CDATA[]]></system-err>
</testsuite>
